<?xml version="1.0" encoding="UTF-8"?>
<testng-results ignored="0" total="2" passed="2" failed="0" skipped="0">
  <reporter-output>
  </reporter-output>
  <suite started-at="2021-12-20T23:23:11 IST" name="Default suite" finished-at="2021-12-20T23:23:47 IST" duration-ms="36190">
    <groups>
    </groups>
    <test started-at="2021-12-20T23:23:11 IST" name="Default test" finished-at="2021-12-20T23:23:47 IST" duration-ms="36190">
      <class name="com.scuba.testcases.TimeSheet_testcase">
        <test-method is-config="true" signature="Browser_open()[pri:0, instance:com.scuba.testcases.TimeSheet_testcase@7d4f9aae]" started-at="2021-12-20T23:23:11 IST" name="Browser_open" finished-at="2021-12-20T23:23:19 IST" duration-ms="8625" status="PASS">
          <reporter-output>
          </reporter-output>
        </test-method> <!-- Browser_open -->
        <test-method signature="timeSheet_Submit()[pri:0, instance:com.scuba.testcases.TimeSheet_testcase@7d4f9aae]" started-at="2021-12-20T23:23:19 IST" name="timeSheet_Submit" finished-at="2021-12-20T23:23:45 IST" duration-ms="25402" status="PASS">
          <reporter-output>
          </reporter-output>
        </test-method> <!-- timeSheet_Submit -->
        <test-method signature="Test_soft_assert()[pri:6, instance:com.scuba.testcases.TimeSheet_testcase@7d4f9aae]" started-at="2021-12-20T23:23:45 IST" name="Test_soft_assert" description="Demonstration of softAssert in Selenium Java" finished-at="2021-12-20T23:23:47 IST" duration-ms="2058" status="PASS">
          <reporter-output>
          </reporter-output>
        </test-method> <!-- Test_soft_assert -->
      </class> <!-- com.scuba.testcases.TimeSheet_testcase -->
    </test> <!-- Default test -->
  </suite> <!-- Default suite -->
</testng-results>
